<?xml version="1.0" encoding="UTF-8"?>
<testsuite name="com.moodanalyser.MoodAnalyserTest" tests="2" skipped="0" failures="0" errors="0" timestamp="2020-10-08T21:14:25" hostname="LAPTOP-21LB24T9" time="0.002">
  <properties/>
  <testcase name="givenMessage_whenNotSad_ShouldreturnHappy" classname="com.moodanalyser.MoodAnalyserTest" time="0.002"/>
  <testcase name="givenMessage_whenSad_ShouldreturSad" classname="com.moodanalyser.MoodAnalyserTest" time="0.0"/>
  <system-out><![CDATA[]]></system-out>
  <system-err><![CDATA[]]></system-err>
</testsuite>
